2024-07-06T18:06:46.773Z [[32minfo[39m]: GET /cathaybk - - - - ms
2024-07-06T18:07:19.134Z [[32minfo[39m]: GET /cathaybk - - - - ms
2024-07-06T18:07:22.814Z [[32minfo[39m]: GET /taishin 500 74 - 3669.465 ms
2024-07-06T18:07:29.215Z [[32minfo[39m]: GET /taishin 500 74 - 1598.406 ms
2024-07-06T18:07:51.475Z [[32minfo[39m]: GET /taishin 200 - - 1048.198 ms
2024-07-06T18:10:41.906Z [[32minfo[39m]: GET /cathaybk 200 - - 36107.164 ms
2024-07-07T04:57:58.905Z [[32minfo[39m]: GET /esunfhc/jobs 404 151 - 7.260 ms
2024-07-07T05:17:04.294Z [[32minfo[39m]: GET /esunfhc/jobs 500 106 - 146.465 ms
2024-07-07T05:17:05.635Z [[32minfo[39m]: GET /esunfhc/jobs 500 106 - 70.592 ms
2024-07-07T05:18:50.049Z [[32minfo[39m]: GET /cathaybk 404 147 - 1.566 ms
2024-07-07T05:24:56.321Z [[32minfo[39m]: GET /esunfhc/jobs - - - - ms
2024-07-07T05:26:08.348Z [[32minfo[39m]: GET /esunfhc/jobs - - - - ms
2024-07-07T05:26:22.594Z [[32minfo[39m]: GET /esunfhc/jobs - - - - ms
2024-07-07T05:26:27.833Z [[32minfo[39m]: GET /esunfhc/jobs - - - - ms
2024-07-07T05:31:25.655Z [[32minfo[39m]: GET /esunfhc/jobs - - - - ms
2024-07-07T05:31:39.989Z [[32minfo[39m]: GET /esunfhc/jobs - - - - ms
2024-07-07T05:37:43.320Z [[32minfo[39m]: GET /esunfhc/jobs 200 - - 199.072 ms
2024-07-07T05:38:15.584Z [[32minfo[39m]: GET /esunfhc/jobs 200 - - 181.391 ms
2024-07-07T05:39:59.857Z [[32minfo[39m]: GET /esunfhc/jobs 200 - - 218.583 ms
2024-07-07T05:41:51.190Z [[32minfo[39m]: GET /esunfhc/jobs 200 - - 249.034 ms
2024-07-07T05:44:00.087Z [[32minfo[39m]: GET /esunfhc/jobs 200 - - 381.014 ms
2024-07-07T05:46:25.477Z [[32minfo[39m]: GET /esunfhc/jobs 200 - - 284.687 ms
2024-07-07T05:48:42.815Z [[32minfo[39m]: GET /esunfhc/jobs 200 - - 312.907 ms
2024-07-07T05:50:45.244Z [[32minfo[39m]: GET /esunfhc/jobs 200 - - 324.285 ms
2024-07-07T05:52:18.700Z [[32minfo[39m]: GET /esunfhc/jobs 200 - - 351.965 ms
2024-07-07T06:01:55.320Z [[32minfo[39m]: GET /esunfhc/jobs 304 - - 364.894 ms
2024-07-07T13:04:34.190Z [[32minfo[39m]: GET /cathaybk 500 126 - 1864.597 ms
2024-07-07T13:05:34.533Z [[32minfo[39m]: GET /cathaybk 500 126 - 1728.275 ms
2024-07-07T13:06:08.913Z [[32minfo[39m]: GET /cathaybk 500 126 - 1982.055 ms
2024-07-07T13:06:22.769Z [[32minfo[39m]: GET /cathaybk 500 126 - 1792.228 ms
2024-07-07T13:06:53.582Z [[32minfo[39m]: GET /cathaybk 500 126 - 1877.461 ms
2024-07-07T13:07:24.886Z [[32minfo[39m]: GET /cathaybk 500 126 - 1899.181 ms
2024-07-07T13:07:57.077Z [[32minfo[39m]: GET /cathaybk 500 126 - 1860.030 ms
2024-07-07T13:08:26.011Z [[32minfo[39m]: GET /cathaybk 500 126 - 1882.312 ms
2024-07-07T13:09:07.512Z [[32minfo[39m]: GET /cathaybk 500 96 - 1801.783 ms
2024-07-07T13:09:22.060Z [[32minfo[39m]: GET /cathaybk 500 96 - 1739.220 ms
2024-07-07T13:09:58.188Z [[32minfo[39m]: GET /cathaybk 500 96 - 1951.872 ms
2024-07-07T13:10:21.526Z [[32minfo[39m]: GET /cathaybk 500 96 - 1853.862 ms
2024-07-07T13:10:50.611Z [[32minfo[39m]: GET /cathaybk 500 96 - 1796.754 ms
2024-07-07T13:11:10.688Z [[32minfo[39m]: GET /cathaybk 500 96 - 1746.090 ms
2024-07-07T13:11:30.127Z [[32minfo[39m]: GET /cathaybk 500 96 - 1734.011 ms
2024-07-07T13:12:01.890Z [[32minfo[39m]: GET /cathaybk 500 96 - 1879.148 ms
2024-07-07T13:12:23.556Z [[32minfo[39m]: GET /cathaybk 500 96 - 1808.518 ms
2024-07-07T13:13:34.543Z [[32minfo[39m]: GET /cathaybk 200 - - 1851.155 ms
2024-07-07T13:13:59.888Z [[32minfo[39m]: GET /cathaybk 200 - - 1965.973 ms
2024-07-07T13:14:58.047Z [[32minfo[39m]: GET /cathaybk 200 - - 1889.426 ms
2024-07-07T13:16:16.505Z [[32minfo[39m]: GET /cathaybk 200 - - 1933.210 ms
2024-07-07T13:33:48.111Z [[32minfo[39m]: GET /cathaybk 200 - - 1773.139 ms
2024-07-07T13:40:40.601Z [[32minfo[39m]: GET /cathaybk 200 - - 45172.948 ms
2024-07-07T13:41:38.974Z [[32minfo[39m]: GET /cathaybk/jobs 200 - - 11621.442 ms
2024-07-07T13:53:57.599Z [[32minfo[39m]: GET /cathaybk/jobs 304 - - 44744.024 ms
2024-07-07T14:09:26.191Z [[32minfo[39m]: GET /cathaybk/jobs - - - - ms
2024-07-07T14:09:39.667Z [[32minfo[39m]: GET /cathaybk/jobs 200 - - 13419.232 ms
2024-07-07T14:09:51.186Z [[32minfo[39m]: GET /cathaybk/jobs 304 - - 11552.800 ms
2024-07-08T10:22:28.680Z [[32minfo[39m]: GET /esunfhc/jobs 200 - - 1177.708 ms
2024-07-08T10:22:28.903Z [[32minfo[39m]: GET /favicon.ico 404 150 - 1.562 ms
2024-07-08T12:53:53.493Z [[32minfo[39m]: GET /sinopac/jobs 500 125 - 121807.801 ms
2024-07-08T12:53:53.785Z [[32minfo[39m]: GET /favicon.ico 404 150 - 5.504 ms
2024-07-08T13:02:44.947Z [[32minfo[39m]: GET /favicon.ico 404 150 - 7.924 ms
2024-07-08T13:05:51.834Z [[32minfo[39m]: GET /sinopac/jobs - - - - ms
2024-07-08T13:10:40.559Z [[32minfo[39m]: GET /sinopac/jobs 200 - - 199072.932 ms
